<?xml version="1.0" encoding="UTF-8"?>
<testsuites name="Example/Math" id="now" tests="13" failures="4" errors="3"><testsuite name="Multiplication" id="_id_" tests="3" failures="1" errors="0"><testcase name="pass (info lost)" id="_testcase_id_"/><testcase name="1 * 2 == 5" id="_testcase_id_"><failure message="2 == 5" type="test">Test Failed
  Expression: 1 * 2 == 5
   Evaluated: 2 == 5</failure></testcase><testcase name="pass (info lost)" id="_testcase_id_"/></testsuite><testsuite name="" id="_id_" tests="1" failures="0" errors="0"><testcase name="pass (info lost)" id="_testcase_id_"/></testsuite><testsuite name="" id="_id_" tests="1" failures="1" errors="0"><testcase name="sqrt(20) == 5" id="_testcase_id_"><failure message="4.47213595499958 == 5" type="test">Test Failed
  Expression: sqrt(20) == 5
   Evaluated: 4.47213595499958 == 5</failure></testcase></testsuite><testsuite name="" id="_id_" tests="1" failures="0" errors="0"><testcase name="pass (info lost)" id="_testcase_id_"/></testsuite><testsuite name="addition" id="_id_" tests="3" failures="1" errors="0"><testcase name="pass (info lost)" id="_testcase_id_"/><testcase name="1 + 2 == 5" id="_testcase_id_"><failure message="3 == 5" type="test">Test Failed
  Expression: 1 + 2 == 5
   Evaluated: 3 == 5</failure></testcase><testcase name="pass (info lost)" id="_testcase_id_"/></testsuite><testsuite name="addition/negative addition" id="_id_" tests="3" failures="1" errors="0"><testcase name="pass (info lost)" id="_testcase_id_"/><testcase name="1 + -2 == 1" id="_testcase_id_"><failure message="-1 == 1" type="test">Test Failed
  Expression: 1 + -2 == 1
   Evaluated: -1 == 1</failure></testcase><testcase name="pass (info lost)" id="_testcase_id_"/></testsuite><testsuite name="other" id="_id_" tests="0" failures="0" errors="3"><testcase name="sqrt(-1)" id="_testcase_id_"><skip/></testcase><error message="Inf" type="Float64">
Stacktrace:
 [1] to_xml(::Base.Test.Error) at /home/wheel/oxinabox/.julia/v0.6/TestReports/src/to_xml.jl:125
 [2] (::TestReports.##4#5)(::Base.Test.Error) at /home/wheel/oxinabox/.julia/v0.6/TestReports/src/to_xml.jl:95
 [3] collect_to!(::Array{EzXML.Node,1}, ::Base.Generator{Array{Base.Test.Result,1},TestReports.##4#5}, ::Int64, ::Int64) at ./array.jl:508
 [4] _collect(::Array{Base.Test.Result,1}, ::Base.Generator{Array{Base.Test.Result,1},TestReports.##4#5}, ::Base.EltypeUnknown, ::Base.HasShape) at ./array.jl:489
 [5] to_xml(::TestReports.ReportingTestSet) at /home/wheel/oxinabox/.julia/v0.6/TestReports/src/to_xml.jl:94
 [6] (::TestReports.##2#3)(::TestReports.ReportingTestSet) at /home/wheel/oxinabox/.julia/v0.6/TestReports/src/to_xml.jl:71
 [7] collect_to!(::Array{EzXML.Node,1}, ::Base.Generator{Array{Base.Test.AbstractTestSet,1},TestReports.##2#3}, ::Int64, ::Int64) at ./array.jl:508
 [8] _collect(::Array{Base.Test.AbstractTestSet,1}, ::Base.Generator{Array{Base.Test.AbstractTestSet,1},TestReports.##2#3}, ::Base.EltypeUnknown, ::Base.HasShape) at ./array.jl:489
 [9] xml_report(::TestReports.ReportingTestSet) at /home/wheel/oxinabox/.julia/v0.6/TestReports/src/to_xml.jl:70
 [10] finish(::TestReports.ReportingTestSet) at /home/wheel/oxinabox/.julia/v0.6/TestReports/src/./testsets.jl:25
 [11] anonymous at ./&lt;missing&gt;:?
 [12] include_from_node1(::String) at ./loading.jl:576
 [13] include(::String) at ./sysimg.jl:14
 [14] process_options(::Base.JLOptions) at ./client.jl:305
 [15] _start() at ./client.jl:371</error><error message="ErrorException(&quot;Nooo&quot;)" type="ErrorException">
Stacktrace:
 [1] to_xml(::Base.Test.Error) at /home/wheel/oxinabox/.julia/v0.6/TestReports/src/to_xml.jl:125
 [2] (::TestReports.##4#5)(::Base.Test.Error) at /home/wheel/oxinabox/.julia/v0.6/TestReports/src/to_xml.jl:95
 [3] collect_to!(::Array{EzXML.Node,1}, ::Base.Generator{Array{Base.Test.Result,1},TestReports.##4#5}, ::Int64, ::Int64) at ./array.jl:508
 [4] _collect(::Array{Base.Test.Result,1}, ::Base.Generator{Array{Base.Test.Result,1},TestReports.##4#5}, ::Base.EltypeUnknown, ::Base.HasShape) at ./array.jl:489
 [5] to_xml(::TestReports.ReportingTestSet) at /home/wheel/oxinabox/.julia/v0.6/TestReports/src/to_xml.jl:94
 [6] (::TestReports.##2#3)(::TestReports.ReportingTestSet) at /home/wheel/oxinabox/.julia/v0.6/TestReports/src/to_xml.jl:71
 [7] collect_to!(::Array{EzXML.Node,1}, ::Base.Generator{Array{Base.Test.AbstractTestSet,1},TestReports.##2#3}, ::Int64, ::Int64) at ./array.jl:508
 [8] _collect(::Array{Base.Test.AbstractTestSet,1}, ::Base.Generator{Array{Base.Test.AbstractTestSet,1},TestReports.##2#3}, ::Base.EltypeUnknown, ::Base.HasShape) at ./array.jl:489
 [9] xml_report(::TestReports.ReportingTestSet) at /home/wheel/oxinabox/.julia/v0.6/TestReports/src/to_xml.jl:70
 [10] finish(::TestReports.ReportingTestSet) at /home/wheel/oxinabox/.julia/v0.6/TestReports/src/./testsets.jl:25
 [11] anonymous at ./&lt;missing&gt;:?
 [12] include_from_node1(::String) at ./loading.jl:576
 [13] include(::String) at ./sysimg.jl:14
 [14] process_options(::Base.JLOptions) at ./client.jl:305
 [15] _start() at ./client.jl:371</error><error message="DimensionMismatch(&quot;B has leading dimension 4, but needs 2&quot;)" type="DimensionMismatch">
Stacktrace:
 [1] to_xml(::Base.Test.Error) at /home/wheel/oxinabox/.julia/v0.6/TestReports/src/to_xml.jl:125
 [2] (::TestReports.##4#5)(::Base.Test.Error) at /home/wheel/oxinabox/.julia/v0.6/TestReports/src/to_xml.jl:95
 [3] collect_to!(::Array{EzXML.Node,1}, ::Base.Generator{Array{Base.Test.Result,1},TestReports.##4#5}, ::Int64, ::Int64) at ./array.jl:508
 [4] _collect(::Array{Base.Test.Result,1}, ::Base.Generator{Array{Base.Test.Result,1},TestReports.##4#5}, ::Base.EltypeUnknown, ::Base.HasShape) at ./array.jl:489
 [5] to_xml(::TestReports.ReportingTestSet) at /home/wheel/oxinabox/.julia/v0.6/TestReports/src/to_xml.jl:94
 [6] (::TestReports.##2#3)(::TestReports.ReportingTestSet) at /home/wheel/oxinabox/.julia/v0.6/TestReports/src/to_xml.jl:71
 [7] collect_to!(::Array{EzXML.Node,1}, ::Base.Generator{Array{Base.Test.AbstractTestSet,1},TestReports.##2#3}, ::Int64, ::Int64) at ./array.jl:508
 [8] _collect(::Array{Base.Test.AbstractTestSet,1}, ::Base.Generator{Array{Base.Test.AbstractTestSet,1},TestReports.##2#3}, ::Base.EltypeUnknown, ::Base.HasShape) at ./array.jl:489
 [9] xml_report(::TestReports.ReportingTestSet) at /home/wheel/oxinabox/.julia/v0.6/TestReports/src/to_xml.jl:70
 [10] finish(::TestReports.ReportingTestSet) at /home/wheel/oxinabox/.julia/v0.6/TestReports/src/./testsets.jl:25
 [11] anonymous at ./&lt;missing&gt;:?
 [12] include_from_node1(::String) at ./loading.jl:576
 [13] include(::String) at ./sysimg.jl:14
 [14] process_options(::Base.JLOptions) at ./client.jl:305
 [15] _start() at ./client.jl:371</error></testsuite><testsuite name="using function from a module" id="_id_" tests="1" failures="0" errors="0"><testcase name="pass (info lost)" id="_testcase_id_"/></testsuite></testsuites>

